<?xml version="1.0" encoding="UTF-8"?>
<!-- Generated by org.testng.reporters.JUnitReportReporter -->
<testsuite skipped="0" hostname="ICPL13449" name="com.selpract.basic.DropDownSelection" tests="1" failures="0" timestamp="27 Jul 2019 10:01:18 GMT" time="45.482" errors="0">
  <testcase name="dropselection" time="45.482" classname="com.selpract.basic.DropDownSelection"/>
</testsuite> <!-- com.selpract.basic.DropDownSelection -->
