<?xml version="1.0" encoding="UTF-8"?>
<!-- Generated by org.testng.reporters.JUnitReportReporter -->
<testsuite skipped="0" hostname="ICPL13449" name="com.selpract.basic.DragAndDrop" tests="1" failures="0" timestamp="27 Jul 2019 14:49:38 GMT" time="16.954" errors="0">
  <testcase name="dragAndDropUsingOFFSet" time="16.954" classname="com.selpract.basic.DragAndDrop"/>
</testsuite> <!-- com.selpract.basic.DragAndDrop -->
