<?xml version="1.0" encoding="UTF-8"?>
<!-- Generated by org.testng.reporters.JUnitReportReporter -->
<testsuite skipped="0" hostname="ICPL13449" name="com.selpract.basic.UploadFileUsingRobot" tests="1" failures="0" timestamp="28 Jul 2019 09:43:46 GMT" time="27.938" errors="0">
  <testcase name="fileUpload" time="27.938" classname="com.selpract.basic.UploadFileUsingRobot"/>
</testsuite> <!-- com.selpract.basic.UploadFileUsingRobot -->
