<?xml version="1.0" encoding="UTF-8"?>
<!-- Generated by org.testng.reporters.JUnitReportReporter -->
<testsuite skipped="0" hostname="ICPL13449" name="com.selpract.basic.WindowHandling" tests="2" failures="0" timestamp="27 Jul 2019 14:01:41 GMT" time="28.103" errors="0">
  <testcase name="initBrowser" time="17.061" classname="com.selpract.basic.WindowHandling"/>
  <testcase name="handleWindows" time="11.042" classname="com.selpract.basic.WindowHandling"/>
</testsuite> <!-- com.selpract.basic.WindowHandling -->
