<?xml version="1.0" encoding="UTF-8"?>
<!-- Generated by org.testng.reporters.JUnitReportReporter -->
<testsuite skipped="0" hostname="ICPL13449" name="com.selpract.basic.AlertHandling" tests="1" failures="0" timestamp="27 Jul 2019 09:45:57 GMT" time="40.061" errors="0">
  <testcase name="alertHandling" time="40.061" classname="com.selpract.basic.AlertHandling"/>
</testsuite> <!-- com.selpract.basic.AlertHandling -->
