<?xml version="1.0" encoding="UTF-8"?>
<!-- Generated by org.testng.reporters.JUnitReportReporter -->
<testsuite skipped="0" hostname="ICPL13449" name="com.selpract.basic.CheckBox" tests="1" failures="0" timestamp="27 Jul 2019 16:14:06 GMT" time="7.599" errors="0">
  <testcase name="dropselection" time="7.599" classname="com.selpract.basic.CheckBox"/>
</testsuite> <!-- com.selpract.basic.CheckBox -->
