<?xml version="1.0" encoding="UTF-8"?>
<!-- Generated by org.testng.reporters.JUnitReportReporter -->
<testsuite skipped="0" hostname="ICPL13449" name="com.selpract.basic.UploadFile" tests="1" failures="0" timestamp="28 Jul 2019 09:28:31 GMT" time="9.217" errors="0">
  <testcase name="fileUpload" time="9.217" classname="com.selpract.basic.UploadFile"/>
</testsuite> <!-- com.selpract.basic.UploadFile -->
