<?xml version="1.0" encoding="UTF-8"?>
<!-- Generated by org.testng.reporters.JUnitReportReporter -->
<testsuite skipped="0" hostname="ICPL13449" name="com.selpract.basic.MouseHover" tests="1" failures="0" timestamp="27 Jul 2019 15:21:43 GMT" time="14.480" errors="0">
  <testcase name="dropselection" time="14.480" classname="com.selpract.basic.MouseHover"/>
</testsuite> <!-- com.selpract.basic.MouseHover -->
